
[UX AUDIT] 20 files checked
--------------------------------------------------
[!] ISSUES (2):
  - [Hick's Law] Footer.tsx: 8 nav items (Max 7)
  - [Hick's Law] Navbar.tsx: 11 nav items (Max 7)
[*] WARNINGS (83):
  - [Color] globals.css: 10 distinct colors. Consider 60-30-10 rule: dominant (60%), secondary (30%), accent (10%).
  - [Color] globals.css: Color variables without HSL. Consider HSL for easier palette adjustment (Hue, Saturation, Lightness).
  - [Trust] layout.tsx: Footer lacks authority signals. Add certifications, awards, or media mentions.
  - [Fitts' Law] page.tsx: Small targets (< 44px)
  - [Persuasion] page.tsx: Social proof without specific numbers. Use 'Join 10,000+' format.
  - [Typography] page.tsx: No line length constraint (45-75ch). Use max-w-prose or max-w-[65ch].
  - [Typography] page.tsx: Fixed font sizes without clamp(). Consider fluid typography: clamp(MIN, PREFERRED, MAX)
  - [Visual] page.tsx: Blur used without semi-transparent background (Glassmorphism fail)
  - [Color] page.tsx: Color variables without HSL. Consider HSL for easier palette adjustment (Hue, Saturation, Lightness).
  - [Fitts' Law] ClientPage.tsx: Small targets (< 44px)
  - [Reflective] ClientPage.tsx: Long-form content without brand story/values. Add 'About' or 'Why We Exist' section.
  - [Typography] ClientPage.tsx: No line length constraint (45-75ch). Use max-w-prose or max-w-[65ch].
  - [Typography] ClientPage.tsx: Large display text without tracking-tight. Big text needs -1% to -4% spacing.
  - [Typography] ClientPage.tsx: Fixed font sizes without clamp(). Consider fluid typography: clamp(MIN, PREFERRED, MAX)
  - [Visual] ClientPage.tsx: Flat design with no depth. Consider shadows or subtle gradients for hierarchy.
[+] PASSED CHECKS: 9
STATUS: FAIL
